make all --print-data-base --no-builtin-variables --no-builtin-rules --question
# GNU Make 4.1
# Built for x86_64-pc-linux-gnu
# Copyright (C) 1988-2014 Free Software Foundation, Inc.
# License GPLv3+: GNU GPL version 3 or later <http://gnu.org/licenses/gpl.html>
# This is free software: you are free to change and redistribute it.
# There is NO WARRANTY, to the extent permitted by law.

# Make data base, printed on Thu Jun  9 13:57:28 2022

# Variables

# automatic
<D = $(patsubst %/,%,$(dir $<))
# automatic
?F = $(notdir $?)
# default
.SHELLFLAGS := -c
# environment
VSCODE_AGENT_FOLDER = /home/nowcoder/.vscode-server
# environment
VSCODE_LOG_NATIVE = false
# automatic
?D = $(patsubst %/,%,$(dir $?))
# automatic
@D = $(patsubst %/,%,$(dir $@))
# automatic
@F = $(notdir $@)
# default
MAKE_VERSION := 4.1
# makefile
CURDIR := /home/nowcoder/project
# makefile
SHELL = /bin/sh
# environment
VSCODE_NLS_CONFIG = {"locale":"zh-cn","availableLanguages":{"*":"zh-cn"},"_languagePackId":"42e84e0914b17800d483f69e299e1b00.zh-cn","_translationsConfigFile":"/home/nowcoder/.vscode-server/data/clp/42e84e0914b17800d483f69e299e1b00.zh-cn/tcf.json","_cacheRoot":"/home/nowcoder/.vscode-server/data/clp/42e84e0914b17800d483f69e299e1b00.zh-cn","_resolvedLanguagePackCoreLocation":"/home/nowcoder/.vscode-server/data/clp/42e84e0914b17800d483f69e299e1b00.zh-cn/c3511e6c69bb39013c4a4b7b9566ec1ca73fc4d5","_corruptedFile":"/home/nowcoder/.vscode-server/data/clp/42e84e0914b17800d483f69e299e1b00.zh-cn/corrupted.info","_languagePackSupport":true}
# environment
_ = /home/nowcoder/.vscode-server/bin/c3511e6c69bb39013c4a4b7b9566ec1ca73fc4d5/node
# makefile (from 'makefile', line 1)
MAKEFILE_LIST :=  makefile
# 'override' directive
GNUMAKEFLAGS := 
# environment
XDG_DATA_DIRS = /usr/local/share:/usr/share:/var/lib/snapd/desktop
# environment
DBUS_SESSION_BUS_ADDRESS = unix:path=/run/user/1000/bus
# environment
VSCODE_VERBOSE_LOGGING = true
# environment
LESSOPEN = | /usr/bin/lesspipe %s
# environment
VSCODE_CWD = /home/nowcoder
# environment
SSH_CONNECTION = 192.168.206.1 64638 192.168.206.128 22
# environment
PATH = /home/nowcoder/.vscode-server/bin/c3511e6c69bb39013c4a4b7b9566ec1ca73fc4d5/bin/remote-cli:/usr/local/sbin:/usr/local/bin:/usr/sbin:/usr/bin:/sbin:/bin:/usr/games:/usr/local/games:/snap/bin
# environment
XDG_RUNTIME_DIR = /run/user/1000
# makefile (from 'makefile', line 2)
libs = main.cpp ./http/http_conn.cpp ./log/log.cpp ./webserver/webserver.cpp ./timer/timer.cpp ./CGIMysql/sql_connection_pool.cpp ./config/config.cpp
# environment
VSCODE_LOG_STACK = false
# default
.FEATURES := target-specific order-only second-expansion else-if shortest-stem undefine oneshell archives jobserver output-sync check-symlink load
# environment
LS_COLORS = 
# automatic
%F = $(notdir $%)
# environment
VSCODE_PIPE_LOGGING = true
# environment
PWD = /home/nowcoder/project
# environment
VSCODE_IPC_HOOK_CLI = /run/user/1000/vscode-ipc-594af0b9-adde-4e2c-8ebc-4b601de93cf7.sock
# automatic
*D = $(patsubst %/,%,$(dir $*))
# environment
VSCODE_AMD_ENTRYPOINT = vs/workbench/api/node/extensionHostProcess
# environment
HOME = /home/nowcoder
# environment
LESSCLOSE = /usr/bin/lesspipe %s %s
# environment
LOGNAME = nowcoder
# environment
APPLICATION_INSIGHTS_NO_DIAGNOSTIC_CHANNEL = true
# automatic
+F = $(notdir $+)
# environment
VSCODE_HANDLES_UNCAUGHT_ERRORS = true
# automatic
^D = $(patsubst %/,%,$(dir $^))
# environment
MAKELEVEL := 0
# default
MAKE = $(MAKE_COMMAND)
# default
MAKECMDGOALS := all
# environment
SHLVL = 3
# environment
XDG_SESSION_ID = 6
# environment
USER = nowcoder
# makefile
.DEFAULT_GOAL := server
# automatic
%D = $(patsubst %/,%,$(dir $%))
# default
MAKE_COMMAND := make
# default
.VARIABLES := 
# automatic
*F = $(notdir $*)
# environment
LANGUAGE = zh_CN:zh
# makefile
MAKEFLAGS = pqrR
# environment
MFLAGS = -pqrR
# environment
SSH_CLIENT = 192.168.206.1 64638 22
# environment
MAIL = /var/mail/nowcoder
# automatic
+D = $(patsubst %/,%,$(dir $+))
# environment
BROWSER = /home/nowcoder/.vscode-server/bin/c3511e6c69bb39013c4a4b7b9566ec1ca73fc4d5/bin/helpers/browser.sh
# makefile (from 'makefile', line 1)
target = server
# environment
VSCODE_HANDLES_SIGPIPE = true
# default
MAKEFILES := 
# automatic
<F = $(notdir $<)
# environment
LC_ALL = C
# automatic
^F = $(notdir $^)
# default
SUFFIXES := 
# default
.INCLUDE_DIRS = /usr/include /usr/local/include /usr/include
# default
.RECIPEPREFIX := 
# default
MAKE_HOST := x86_64-pc-linux-gnu
# environment
LANG = C
# environment
VSCODE_EXTHOST_WILL_SEND_SOCKET = true
# variable set hash-table stats:
# Load=70/1024=7%, Rehash=0, Collisions=8/97=8%

# Pattern-specific Variable Values

# No pattern-specific variable values.

# Directories

# . (device 2049, inode 1066688): 19 files, no impossibilities.

# 19 files, no impossibilities in 1 directories.

# Implicit Rules

# No implicit rules.

# Files

# Not a target:
timer/timer.cpp:
#  Implicit rule search has not been done.
#  Modification time never checked.
#  File has not been updated.

# Not a target:
config/config.cpp:
#  Implicit rule search has not been done.
#  Modification time never checked.
#  File has not been updated.

# Not a target:
all:
#  Command line target.
#  Implicit rule search has been done.
#  File does not exist.
#  File has not been updated.

# Not a target:
http/http_conn.cpp:
#  Implicit rule search has not been done.
#  Modification time never checked.
#  File has not been updated.

server: main.cpp http/http_conn.cpp log/log.cpp webserver/webserver.cpp timer/timer.cpp CGIMysql/sql_connection_pool.cpp config/config.cpp
#  Implicit rule search has not been done.
#  Modification time never checked.
#  File has not been updated.
#  recipe to execute (from 'makefile', line 6):
	g++ $(libs) -std=c++11 -I/usr/include/mysql -L/usr/lib/mysql -o $(target) -pthread -lmysqlclient 

# Not a target:
makefile:
#  Implicit rule search has been done.
#  Last modified 2022-06-04 14:57:33.457810425
#  File has been updated.
#  Successfully updated.

# Not a target:
main.cpp:
#  Implicit rule search has not been done.
#  Modification time never checked.
#  File has not been updated.

# Not a target:
CGIMysql/sql_connection_pool.cpp:
#  Implicit rule search has not been done.
#  Modification time never checked.
#  File has not been updated.

# Not a target:
log/log.cpp:
#  Implicit rule search has not been done.
#  Modification time never checked.
#  File has not been updated.

# Not a target:
.DEFAULT:
#  Implicit rule search has not been done.
#  Modification time never checked.
#  File has not been updated.

clean:
#  Implicit rule search has not been done.
#  Modification time never checked.
#  File has not been updated.
#  recipe to execute (from 'makefile', line 8):
	rm -r $(target)

# Not a target:
webserver/webserver.cpp:
#  Implicit rule search has not been done.
#  Modification time never checked.
#  File has not been updated.

# files hash-table stats:
# Load=13/1024=1%, Rehash=0, Collisions=0/30=0%
# VPATH Search Paths

# No 'vpath' search paths.

# No general ('VPATH' variable) search path.

# strcache buffers: 1 (0) / strings = 31 / storage = 325 B / avg = 10 B
# current buf: size = 8162 B / used = 325 B / count = 31 / avg = 10 B

# strcache performance: lookups = 39 / hit rate = 20%
# hash-table stats:
# Load=31/8192=0%, Rehash=0, Collisions=1/39=3%
# Finished Make data base on Thu Jun  9 13:57:28 2022

 
make: *** No rule to make target 'all'.  Stop.

